Using pre-set license
Built from '2020.3/release' branch; Version is '2020.3.1f1 (77a89f25062f) revision 7841951'; Using compiler version '192528614'; Build Type 'Release'
OS: 'Windows 10 Home; OS build 19042.867; Version 2009; 64bit' Language: 'en' Physical Memory: 6077 MB
BatchMode: 1, IsHumanControllingUs: 0, StartBugReporterOnCrash: 0, Is64bit: 1, IsPro: 0

 COMMAND LINE ARGUMENTS:
C:\Program Files\Unity\Hub\Editor\2020.3.1f1\Editor\Unity.exe
-adb2
-batchMode
-noUpm
-name
AssetImportWorker1
-projectPath
D:/Personal Projects/The Summerland
-logFile
Logs/AssetImportWorker1.log
-srvPort
51973
Successfully changed project path to: D:/Personal Projects/The Summerland
D:/Personal Projects/The Summerland
Using Asset Import Pipeline V2.
Refreshing native plugins compatible for Editor in 50.38 ms, found 0 plugins.
Preloading 0 native plugins for Editor in 0.00 ms.
Initialize engine version: 2020.3.1f1 (77a89f25062f)
[Subsystems] Discovering subsystems at path C:/Program Files/Unity/Hub/Editor/2020.3.1f1/Editor/Data/Resources/UnitySubsystems
[Subsystems] Discovering subsystems at path D:/Personal Projects/The Summerland/Assets
GfxDevice: creating device client; threaded=0
Direct3D:
    Version:  Direct3D 11.0 [level 11.1]
    Renderer: AMD Radeon(TM) RX Vega 11 Graphics (ID=0x15d8)
    Vendor:   
    VRAM:     3038 MB
    Driver:   27.20.15003.5017
Initialize mono
Mono path[0] = 'C:/Program Files/Unity/Hub/Editor/2020.3.1f1/Editor/Data/Managed'
Mono path[1] = 'C:/Program Files/Unity/Hub/Editor/2020.3.1f1/Editor/Data/MonoBleedingEdge/lib/mono/unityjit'
Mono config path = 'C:/Program Files/Unity/Hub/Editor/2020.3.1f1/Editor/Data/MonoBleedingEdge/etc'
Using monoOptions --debugger-agent=transport=dt_socket,embedding=1,server=y,suspend=n,address=127.0.0.1:56676
Begin MonoManager ReloadAssembly
Registering precompiled unity dll's ...
Register platform support module: C:/Program Files/Unity/Hub/Editor/2020.3.1f1/Editor/Data/PlaybackEngines/WindowsStandaloneSupport/UnityEditor.WindowsStandalone.Extensions.dll
Registered in 0.002429 seconds.
Native extension for WindowsStandalone target not found
Refreshing native plugins compatible for Editor in 46.40 ms, found 0 plugins.
Preloading 0 native plugins for Editor in 0.00 ms.
Invoked RoslynAnalysisRunner static constructor.
RoslynAnalysisRunner will not be running.
RoslynAnalysisRunner has terminated.
Mono: successfully reloaded assembly
- Completed reload, in  1.295 seconds
Platform modules already initialized, skipping
Registering precompiled user dll's ...
Registered in 0.005026 seconds.
Begin MonoManager ReloadAssembly
Native extension for WindowsStandalone target not found
Refreshing native plugins compatible for Editor in 50.93 ms, found 0 plugins.
Preloading 0 native plugins for Editor in 0.00 ms.
Invoked RoslynAnalysisRunner static constructor.
RoslynAnalysisRunner will not be running.
RoslynAnalysisRunner has terminated.
Mono: successfully reloaded assembly
- Completed reload, in  1.513 seconds
Platform modules already initialized, skipping
========================================================================
Worker process is ready to serve import requests
Shader 'Universal Render Pipeline/Particles/Lit': fallback shader 'Universal Render Pipeline/Particles/SimpleLit' not found
Shader 'Universal Render Pipeline/Particles/Lit': fallback shader 'Universal Render Pipeline/Particles/SimpleLit' not found
Launched and connected shader compiler UnityShaderCompiler.exe after 0.47 seconds
Refreshing native plugins compatible for Editor in 0.38 ms, found 0 plugins.
Preloading 0 native plugins for Editor in 0.00 ms.
Unloading 2418 Unused Serialized files (Serialized files now loaded: 0)
System memory in use before: 111.5 MB.
System memory in use after: 109.2 MB.

Unloading 46 unused Assets to reduce memory usage. Loaded Objects now: 2828.
Total: 4.400000 ms (FindLiveObjects: 0.618400 ms CreateObjectMapping: 0.206400 ms MarkObjects: 2.336700 ms  DeleteObjects: 1.237100 ms)

========================================================================
Received Import Request.
  path: Assets/Scripts & Macros/State Machine/States
  artifactKey: Guid(be5cb626416da4f4580871af52d6c32e) Importer(815301076,1909f56bfc062723c751e8b465ee728b)
Start importing Assets/Scripts & Macros/State Machine/States using Guid(be5cb626416da4f4580871af52d6c32e) Importer(815301076,1909f56bfc062723c751e8b465ee728b)  -> (artifact id: '6a12cdcbb82b612f9d9ad0e5ceaba7fb') in 2.548742 seconds
  Import took 2.780232 seconds .

========================================================================
Received Import Request.
  Time since last request: 7.895531 seconds.
  path: Assets/Scripts & Macros/State Machine
  artifactKey: Guid(4e471669abea62243b2973b23007996f) Importer(815301076,1909f56bfc062723c751e8b465ee728b)
Start importing Assets/Scripts & Macros/State Machine using Guid(4e471669abea62243b2973b23007996f) Importer(815301076,1909f56bfc062723c751e8b465ee728b)  -> (artifact id: '022b34c8a0db312da4f37f267b101420') in 0.247655 seconds
  Import took 0.293912 seconds .

========================================================================
Received Prepare
Registering precompiled user dll's ...
Registered in 0.001562 seconds.
Begin MonoManager ReloadAssembly
Native extension for WindowsStandalone target not found
Refreshing native plugins compatible for Editor in 0.40 ms, found 0 plugins.
Preloading 0 native plugins for Editor in 0.00 ms.
Invoked RoslynAnalysisRunner static constructor.
RoslynAnalysisRunner will not be running.
RoslynAnalysisRunner has terminated.
Mono: successfully reloaded assembly
- Completed reload, in  2.312 seconds
Platform modules already initialized, skipping
Shader 'Universal Render Pipeline/Particles/Lit': fallback shader 'Universal Render Pipeline/Particles/SimpleLit' not found
Shader 'Universal Render Pipeline/Particles/Lit': fallback shader 'Universal Render Pipeline/Particles/SimpleLit' not found
Refreshing native plugins compatible for Editor in 0.46 ms, found 0 plugins.
Preloading 0 native plugins for Editor in 0.00 ms.
Unloading 2346 Unused Serialized files (Serialized files now loaded: 0)
System memory in use before: 108.6 MB.
System memory in use after: 106.3 MB.

Unloading 41 unused Assets to reduce memory usage. Loaded Objects now: 2832.
Total: 4.347900 ms (FindLiveObjects: 0.304200 ms CreateObjectMapping: 0.079900 ms MarkObjects: 2.258500 ms  DeleteObjects: 1.703700 ms)

========================================================================
Received Import Request.
  Time since last request: 67.046906 seconds.
  path: Assets/Scripts & Macros/State Machine/Stat.cs
  artifactKey: Guid(17e3507185fa02c4aa0e9efb1bc4e097) Importer(815301076,1909f56bfc062723c751e8b465ee728b)
Start importing Assets/Scripts & Macros/State Machine/Stat.cs using Guid(17e3507185fa02c4aa0e9efb1bc4e097) Importer(815301076,1909f56bfc062723c751e8b465ee728b)  -> (artifact id: 'bb63738bc5f47870f15e384d130cfefa') in 0.047139 seconds
  Import took 0.087399 seconds .

========================================================================
Received Prepare
Registering precompiled user dll's ...
Registered in 0.001172 seconds.
Begin MonoManager ReloadAssembly
Native extension for WindowsStandalone target not found
Refreshing native plugins compatible for Editor in 0.39 ms, found 0 plugins.
Preloading 0 native plugins for Editor in 0.00 ms.
Invoked RoslynAnalysisRunner static constructor.
RoslynAnalysisRunner will not be running.
RoslynAnalysisRunner has terminated.
Mono: successfully reloaded assembly
- Completed reload, in  1.052 seconds
Platform modules already initialized, skipping
Shader 'Universal Render Pipeline/Particles/Lit': fallback shader 'Universal Render Pipeline/Particles/SimpleLit' not found
Shader 'Universal Render Pipeline/Particles/Lit': fallback shader 'Universal Render Pipeline/Particles/SimpleLit' not found
Refreshing native plugins compatible for Editor in 0.51 ms, found 0 plugins.
Preloading 0 native plugins for Editor in 0.00 ms.
Unloading 2345 Unused Serialized files (Serialized files now loaded: 0)
System memory in use before: 108.6 MB.
System memory in use after: 106.4 MB.

Unloading 42 unused Assets to reduce memory usage. Loaded Objects now: 2834.
Total: 3.819000 ms (FindLiveObjects: 0.282000 ms CreateObjectMapping: 0.059800 ms MarkObjects: 2.048300 ms  DeleteObjects: 1.427300 ms)

========================================================================
Received Import Request.
  Time since last request: 73.711513 seconds.
  path: Assets/Scripts & Macros/State Machine/StateMachine_Script.cs
  artifactKey: Guid(d11ca6e955da9474dbe588bf01ada1bf) Importer(815301076,1909f56bfc062723c751e8b465ee728b)
Start importing Assets/Scripts & Macros/State Machine/StateMachine_Script.cs using Guid(d11ca6e955da9474dbe588bf01ada1bf) Importer(815301076,1909f56bfc062723c751e8b465ee728b)  -> (artifact id: '8a06f2d36672acf61958c4a38af99080') in 0.729342 seconds
  Import took 0.777132 seconds .

========================================================================
Received Prepare
Registering precompiled user dll's ...
Registered in 0.001179 seconds.
Begin MonoManager ReloadAssembly
Native extension for WindowsStandalone target not found
Refreshing native plugins compatible for Editor in 0.66 ms, found 0 plugins.
Preloading 0 native plugins for Editor in 0.00 ms.
Invoked RoslynAnalysisRunner static constructor.
RoslynAnalysisRunner will not be running.
RoslynAnalysisRunner has terminated.
Mono: successfully reloaded assembly
- Completed reload, in  3.346 seconds
Platform modules already initialized, skipping
Script is not up to date after domain reload: guid(984e1bc82e58adc4fa304a97be2c63c9) path("Assets/Scripts & Macros/State Machine/State_Script.cs") state(2)
Shader 'Universal Render Pipeline/Particles/Lit': fallback shader 'Universal Render Pipeline/Particles/SimpleLit' not found
Shader 'Universal Render Pipeline/Particles/Lit': fallback shader 'Universal Render Pipeline/Particles/SimpleLit' not found
Refreshing native plugins compatible for Editor in 0.43 ms, found 0 plugins.
Preloading 0 native plugins for Editor in 0.00 ms.
Unloading 2346 Unused Serialized files (Serialized files now loaded: 0)
System memory in use before: 108.7 MB.
System memory in use after: 106.4 MB.

Unloading 41 unused Assets to reduce memory usage. Loaded Objects now: 2838.
Total: 19.541500 ms (FindLiveObjects: 0.763200 ms CreateObjectMapping: 0.085600 ms MarkObjects: 16.365400 ms  DeleteObjects: 2.325200 ms)

========================================================================
Received Import Request.
  Time since last request: 405.064560 seconds.
  path: Assets/Scripts & Macros/State Machine/State_Script.cs
  artifactKey: Guid(984e1bc82e58adc4fa304a97be2c63c9) Importer(815301076,1909f56bfc062723c751e8b465ee728b)
Start importing Assets/Scripts & Macros/State Machine/State_Script.cs using Guid(984e1bc82e58adc4fa304a97be2c63c9) Importer(815301076,1909f56bfc062723c751e8b465ee728b)  -> (artifact id: 'a894fdf20c5b4b798b9329366035ff83') in 0.181681 seconds
  Import took 0.370898 seconds .

========================================================================
Received Prepare
Registering precompiled user dll's ...
Registered in 0.001318 seconds.
Begin MonoManager ReloadAssembly
Native extension for WindowsStandalone target not found
Refreshing native plugins compatible for Editor in 0.48 ms, found 0 plugins.
Preloading 0 native plugins for Editor in 0.00 ms.
Invoked RoslynAnalysisRunner static constructor.
RoslynAnalysisRunner will not be running.
RoslynAnalysisRunner has terminated.
Mono: successfully reloaded assembly
- Completed reload, in  1.365 seconds
Platform modules already initialized, skipping
Script is not up to date after domain reload: guid(ed9a643a47a0d7645ac256bf732b0b1c) path("Assets/Scripts & Macros/State Machine/States/IdleState_Script.cs") state(2)
Shader 'Universal Render Pipeline/Particles/Lit': fallback shader 'Universal Render Pipeline/Particles/SimpleLit' not found
Shader 'Universal Render Pipeline/Particles/Lit': fallback shader 'Universal Render Pipeline/Particles/SimpleLit' not found
Refreshing native plugins compatible for Editor in 0.42 ms, found 0 plugins.
Preloading 0 native plugins for Editor in 0.00 ms.
Unloading 2347 Unused Serialized files (Serialized files now loaded: 0)
System memory in use before: 108.7 MB.
System memory in use after: 106.4 MB.

Unloading 41 unused Assets to reduce memory usage. Loaded Objects now: 2842.
Total: 4.298900 ms (FindLiveObjects: 0.287800 ms CreateObjectMapping: 0.084100 ms MarkObjects: 2.194900 ms  DeleteObjects: 1.730500 ms)

========================================================================
Received Prepare
Registering precompiled user dll's ...
Registered in 0.001440 seconds.
Begin MonoManager ReloadAssembly
Native extension for WindowsStandalone target not found
Refreshing native plugins compatible for Editor in 0.39 ms, found 0 plugins.
Preloading 0 native plugins for Editor in 0.00 ms.
Invoked RoslynAnalysisRunner static constructor.
RoslynAnalysisRunner will not be running.
RoslynAnalysisRunner has terminated.
Mono: successfully reloaded assembly
- Completed reload, in  1.107 seconds
Platform modules already initialized, skipping
Shader 'Universal Render Pipeline/Particles/Lit': fallback shader 'Universal Render Pipeline/Particles/SimpleLit' not found
Shader 'Universal Render Pipeline/Particles/Lit': fallback shader 'Universal Render Pipeline/Particles/SimpleLit' not found
Refreshing native plugins compatible for Editor in 0.71 ms, found 0 plugins.
Preloading 0 native plugins for Editor in 0.00 ms.
Unloading 2349 Unused Serialized files (Serialized files now loaded: 0)
System memory in use before: 108.6 MB.
System memory in use after: 106.4 MB.

Unloading 41 unused Assets to reduce memory usage. Loaded Objects now: 2847.
Total: 4.427300 ms (FindLiveObjects: 0.386600 ms CreateObjectMapping: 0.146700 ms MarkObjects: 2.121100 ms  DeleteObjects: 1.771200 ms)

========================================================================
Received Import Request.
  Time since last request: 373.478284 seconds.
  path: Assets/Scripts & Macros/State Machine/States/NewBehaviourScript.cs
  artifactKey: Guid(1b07501a4dd5b6f4f927a198b12867f4) Importer(815301076,1909f56bfc062723c751e8b465ee728b)
Start importing Assets/Scripts & Macros/State Machine/States/NewBehaviourScript.cs using Guid(1b07501a4dd5b6f4f927a198b12867f4) Importer(815301076,1909f56bfc062723c751e8b465ee728b)  -> (artifact id: '386fb041881bb4d490f6f087c0e70532') in 0.234643 seconds
  Import took 0.269140 seconds .

========================================================================
Received Prepare
Registering precompiled user dll's ...
Registered in 0.001659 seconds.
Begin MonoManager ReloadAssembly
Native extension for WindowsStandalone target not found
Refreshing native plugins compatible for Editor in 0.41 ms, found 0 plugins.
Preloading 0 native plugins for Editor in 0.00 ms.
Invoked RoslynAnalysisRunner static constructor.
RoslynAnalysisRunner will not be running.
RoslynAnalysisRunner has terminated.
Mono: successfully reloaded assembly
- Completed reload, in  1.046 seconds
Platform modules already initialized, skipping
Shader 'Universal Render Pipeline/Particles/Lit': fallback shader 'Universal Render Pipeline/Particles/SimpleLit' not found
Shader 'Universal Render Pipeline/Particles/Lit': fallback shader 'Universal Render Pipeline/Particles/SimpleLit' not found
Refreshing native plugins compatible for Editor in 0.47 ms, found 0 plugins.
Preloading 0 native plugins for Editor in 0.00 ms.
Unloading 2349 Unused Serialized files (Serialized files now loaded: 0)
System memory in use before: 108.7 MB.
System memory in use after: 106.5 MB.

Unloading 41 unused Assets to reduce memory usage. Loaded Objects now: 2850.
Total: 4.609000 ms (FindLiveObjects: 0.329700 ms CreateObjectMapping: 0.065600 ms MarkObjects: 2.359900 ms  DeleteObjects: 1.852500 ms)

========================================================================
Received Import Request.
  Time since last request: 10.846244 seconds.
  path: Assets/Scripts & Macros/State Machine/States/MovementState_Script.cs
  artifactKey: Guid(65c69bf7a151d0c4db20c19b2c1b2c24) Importer(815301076,1909f56bfc062723c751e8b465ee728b)
Start importing Assets/Scripts & Macros/State Machine/States/MovementState_Script.cs using Guid(65c69bf7a151d0c4db20c19b2c1b2c24) Importer(815301076,1909f56bfc062723c751e8b465ee728b)  -> (artifact id: '262c418e7d7c6151bbd0c21c6359d1a9') in 0.126168 seconds
  Import took 0.140528 seconds .

========================================================================
Received Prepare
Registering precompiled user dll's ...
Registered in 0.001145 seconds.
Begin MonoManager ReloadAssembly
Native extension for WindowsStandalone target not found
Refreshing native plugins compatible for Editor in 0.39 ms, found 0 plugins.
Preloading 0 native plugins for Editor in 0.00 ms.
Invoked RoslynAnalysisRunner static constructor.
RoslynAnalysisRunner will not be running.
RoslynAnalysisRunner has terminated.
Mono: successfully reloaded assembly
- Completed reload, in  1.002 seconds
Platform modules already initialized, skipping
Shader 'Universal Render Pipeline/Particles/Lit': fallback shader 'Universal Render Pipeline/Particles/SimpleLit' not found
Shader 'Universal Render Pipeline/Particles/Lit': fallback shader 'Universal Render Pipeline/Particles/SimpleLit' not found
Refreshing native plugins compatible for Editor in 0.39 ms, found 0 plugins.
Preloading 0 native plugins for Editor in 0.00 ms.
Unloading 2350 Unused Serialized files (Serialized files now loaded: 0)
System memory in use before: 108.8 MB.
System memory in use after: 106.5 MB.

Unloading 41 unused Assets to reduce memory usage. Loaded Objects now: 2854.
Total: 4.374900 ms (FindLiveObjects: 0.298700 ms CreateObjectMapping: 0.084300 ms MarkObjects: 2.224700 ms  DeleteObjects: 1.766100 ms)

========================================================================
Received Prepare
Registering precompiled user dll's ...
Registered in 0.001251 seconds.
Begin MonoManager ReloadAssembly
Native extension for WindowsStandalone target not found
Refreshing native plugins compatible for Editor in 0.39 ms, found 0 plugins.
Preloading 0 native plugins for Editor in 0.00 ms.
Invoked RoslynAnalysisRunner static constructor.
RoslynAnalysisRunner will not be running.
RoslynAnalysisRunner has terminated.
Mono: successfully reloaded assembly
- Completed reload, in  0.972 seconds
Platform modules already initialized, skipping
Shader 'Universal Render Pipeline/Particles/Lit': fallback shader 'Universal Render Pipeline/Particles/SimpleLit' not found
Shader 'Universal Render Pipeline/Particles/Lit': fallback shader 'Universal Render Pipeline/Particles/SimpleLit' not found
Refreshing native plugins compatible for Editor in 0.38 ms, found 0 plugins.
Preloading 0 native plugins for Editor in 0.00 ms.
Unloading 2349 Unused Serialized files (Serialized files now loaded: 0)
System memory in use before: 108.8 MB.
System memory in use after: 106.5 MB.

Unloading 42 unused Assets to reduce memory usage. Loaded Objects now: 2856.
Total: 3.767000 ms (FindLiveObjects: 0.292100 ms CreateObjectMapping: 0.059200 ms MarkObjects: 1.907800 ms  DeleteObjects: 1.506100 ms)

