Using pre-set license
Built from '2020.3/release' branch; Version is '2020.3.1f1 (77a89f25062f) revision 7841951'; Using compiler version '192528614'; Build Type 'Release'
OS: 'Windows 10 Home; OS build 19042.867; Version 2009; 64bit' Language: 'en' Physical Memory: 6077 MB
BatchMode: 1, IsHumanControllingUs: 0, StartBugReporterOnCrash: 0, Is64bit: 1, IsPro: 0

 COMMAND LINE ARGUMENTS:
C:\Program Files\Unity\Hub\Editor\2020.3.1f1\Editor\Unity.exe
-adb2
-batchMode
-noUpm
-name
AssetImportWorker1
-projectPath
D:/Personal Projects/The Summerland
-logFile
Logs/AssetImportWorker1.log
-srvPort
49950
Successfully changed project path to: D:/Personal Projects/The Summerland
D:/Personal Projects/The Summerland
Using Asset Import Pipeline V2.
Refreshing native plugins compatible for Editor in 190.29 ms, found 0 plugins.
Preloading 0 native plugins for Editor in 0.00 ms.
Initialize engine version: 2020.3.1f1 (77a89f25062f)
[Subsystems] Discovering subsystems at path C:/Program Files/Unity/Hub/Editor/2020.3.1f1/Editor/Data/Resources/UnitySubsystems
[Subsystems] Discovering subsystems at path D:/Personal Projects/The Summerland/Assets
GfxDevice: creating device client; threaded=0
Direct3D:
    Version:  Direct3D 11.0 [level 11.1]
    Renderer: AMD Radeon(TM) RX Vega 11 Graphics (ID=0x15d8)
    Vendor:   
    VRAM:     3038 MB
    Driver:   27.20.1020.1
Initialize mono
Mono path[0] = 'C:/Program Files/Unity/Hub/Editor/2020.3.1f1/Editor/Data/Managed'
Mono path[1] = 'C:/Program Files/Unity/Hub/Editor/2020.3.1f1/Editor/Data/MonoBleedingEdge/lib/mono/unityjit'
Mono config path = 'C:/Program Files/Unity/Hub/Editor/2020.3.1f1/Editor/Data/MonoBleedingEdge/etc'
Using monoOptions --debugger-agent=transport=dt_socket,embedding=1,server=y,suspend=n,address=127.0.0.1:56984
Begin MonoManager ReloadAssembly
Registering precompiled unity dll's ...
Register platform support module: C:/Program Files/Unity/Hub/Editor/2020.3.1f1/Editor/Data/PlaybackEngines/WindowsStandaloneSupport/UnityEditor.WindowsStandalone.Extensions.dll
Registered in 0.005450 seconds.
Native extension for WindowsStandalone target not found
Refreshing native plugins compatible for Editor in 46.12 ms, found 0 plugins.
Preloading 0 native plugins for Editor in 0.00 ms.
Invoked RoslynAnalysisRunner static constructor.
RoslynAnalysisRunner will not be running.
RoslynAnalysisRunner has terminated.
Mono: successfully reloaded assembly
- Completed reload, in  4.026 seconds
Platform modules already initialized, skipping
Registering precompiled user dll's ...
Registered in 0.029468 seconds.
Begin MonoManager ReloadAssembly
Native extension for WindowsStandalone target not found
Refreshing native plugins compatible for Editor in 58.24 ms, found 0 plugins.
Preloading 0 native plugins for Editor in 0.00 ms.
Invoked RoslynAnalysisRunner static constructor.
RoslynAnalysisRunner will not be running.
RoslynAnalysisRunner has terminated.
Mono: successfully reloaded assembly
- Completed reload, in  2.506 seconds
Platform modules already initialized, skipping
========================================================================
Worker process is ready to serve import requests
Shader 'Universal Render Pipeline/Particles/Lit': fallback shader 'Universal Render Pipeline/Particles/SimpleLit' not found
Shader 'Universal Render Pipeline/Particles/Lit': fallback shader 'Universal Render Pipeline/Particles/SimpleLit' not found
Launched and connected shader compiler UnityShaderCompiler.exe after 0.10 seconds
Refreshing native plugins compatible for Editor in 0.59 ms, found 0 plugins.
Preloading 0 native plugins for Editor in 0.00 ms.
Unloading 2422 Unused Serialized files (Serialized files now loaded: 0)
System memory in use before: 111.6 MB.
System memory in use after: 109.4 MB.

Unloading 46 unused Assets to reduce memory usage. Loaded Objects now: 2832.
Total: 6.461800 ms (FindLiveObjects: 0.389500 ms CreateObjectMapping: 0.170000 ms MarkObjects: 3.721700 ms  DeleteObjects: 2.178000 ms)

========================================================================
Received Import Request.
  path: Assets/Scripts & Macros/State Machine/States/IdleState_Script.cs
  artifactKey: Guid(ed9a643a47a0d7645ac256bf732b0b1c) Importer(815301076,1909f56bfc062723c751e8b465ee728b)
Start importing Assets/Scripts & Macros/State Machine/States/IdleState_Script.cs using Guid(ed9a643a47a0d7645ac256bf732b0b1c) Importer(815301076,1909f56bfc062723c751e8b465ee728b)  -> (artifact id: '17e926228606f216820dbeee8b923f78') in 0.191948 seconds
  Import took 0.318648 seconds .

========================================================================
Received Import Request.
  Time since last request: 16.425959 seconds.
  path: Assets/Scripts & Macros/State Machine/States/IdleState_Script.cs
  artifactKey: Guid(ed9a643a47a0d7645ac256bf732b0b1c) Importer(815301076,1909f56bfc062723c751e8b465ee728b)
Start importing Assets/Scripts & Macros/State Machine/States/IdleState_Script.cs using Guid(ed9a643a47a0d7645ac256bf732b0b1c) Importer(815301076,1909f56bfc062723c751e8b465ee728b)  -> (artifact id: '2d7bbc71a0dadd099b42cee6fa901030') in 0.002715 seconds
  Import took 0.019063 seconds .

========================================================================
Received Import Request.
  Time since last request: 4.741277 seconds.
  path: Assets/Scripts & Macros/State Machine/States/IdleState_Script.cs
  artifactKey: Guid(ed9a643a47a0d7645ac256bf732b0b1c) Importer(815301076,1909f56bfc062723c751e8b465ee728b)
Start importing Assets/Scripts & Macros/State Machine/States/IdleState_Script.cs using Guid(ed9a643a47a0d7645ac256bf732b0b1c) Importer(815301076,1909f56bfc062723c751e8b465ee728b)  -> (artifact id: '15b5ec45e16a74deb1bbbeb24aeda1ac') in 0.002559 seconds
  Import took 0.075127 seconds .

========================================================================
Received Import Request.
  Time since last request: 19.559493 seconds.
  path: Assets/Scripts & Macros/State Machine/States/IdleState_Script.cs
  artifactKey: Guid(ed9a643a47a0d7645ac256bf732b0b1c) Importer(815301076,1909f56bfc062723c751e8b465ee728b)
Start importing Assets/Scripts & Macros/State Machine/States/IdleState_Script.cs using Guid(ed9a643a47a0d7645ac256bf732b0b1c) Importer(815301076,1909f56bfc062723c751e8b465ee728b)  -> (artifact id: 'd2e0b9be4a65fe3e1746130511dd426a') in 0.015450 seconds
  Import took 0.073927 seconds .

========================================================================
Received Import Request.
  Time since last request: 15.475639 seconds.
  path: Assets/Scripts & Macros/State Machine/States/IdleState_Script.cs
  artifactKey: Guid(ed9a643a47a0d7645ac256bf732b0b1c) Importer(815301076,1909f56bfc062723c751e8b465ee728b)
Start importing Assets/Scripts & Macros/State Machine/States/IdleState_Script.cs using Guid(ed9a643a47a0d7645ac256bf732b0b1c) Importer(815301076,1909f56bfc062723c751e8b465ee728b)  -> (artifact id: 'e58644d3b3a1a53756e4e86af332c0dd') in 0.019155 seconds
  Import took 0.042163 seconds .

========================================================================
Received Import Request.
  Time since last request: 12.971028 seconds.
  path: Assets/Scripts & Macros/State Machine/States/IdleState_Script.cs
  artifactKey: Guid(ed9a643a47a0d7645ac256bf732b0b1c) Importer(815301076,1909f56bfc062723c751e8b465ee728b)
Start importing Assets/Scripts & Macros/State Machine/States/IdleState_Script.cs using Guid(ed9a643a47a0d7645ac256bf732b0b1c) Importer(815301076,1909f56bfc062723c751e8b465ee728b)  -> (artifact id: '5be81f2ca2c9cae03a5624bbd86dcf3d') in 0.002415 seconds
  Import took 0.013223 seconds .

========================================================================
Received Import Request.
  Time since last request: 0.001127 seconds.
  path: Assets/Scripts & Macros/State Machine/States/IdleState_Script.cs
  artifactKey: Guid(ed9a643a47a0d7645ac256bf732b0b1c) Importer(815301076,1909f56bfc062723c751e8b465ee728b)
Start importing Assets/Scripts & Macros/State Machine/States/IdleState_Script.cs using Guid(ed9a643a47a0d7645ac256bf732b0b1c) Importer(815301076,1909f56bfc062723c751e8b465ee728b)  -> (artifact id: '5be81f2ca2c9cae03a5624bbd86dcf3d') in 0.002595 seconds
  Import took 0.007634 seconds .

========================================================================
Received Import Request.
  Time since last request: 8.311061 seconds.
  path: Assets/Scripts & Macros/State Machine/States/IdleState_Script.cs
  artifactKey: Guid(ed9a643a47a0d7645ac256bf732b0b1c) Importer(815301076,1909f56bfc062723c751e8b465ee728b)
Start importing Assets/Scripts & Macros/State Machine/States/IdleState_Script.cs using Guid(ed9a643a47a0d7645ac256bf732b0b1c) Importer(815301076,1909f56bfc062723c751e8b465ee728b)  -> (artifact id: 'd6674c12b87790dbce527f5f2c3b3113') in 0.002193 seconds
  Import took 0.016610 seconds .

========================================================================
Received Import Request.
  Time since last request: 19.213841 seconds.
  path: Assets/Scripts & Macros/State Machine/States/IdleState_Script.cs
  artifactKey: Guid(ed9a643a47a0d7645ac256bf732b0b1c) Importer(815301076,1909f56bfc062723c751e8b465ee728b)
Start importing Assets/Scripts & Macros/State Machine/States/IdleState_Script.cs using Guid(ed9a643a47a0d7645ac256bf732b0b1c) Importer(815301076,1909f56bfc062723c751e8b465ee728b)  -> (artifact id: 'e0b3330f5bcd83d7ae75094d22c73ffd') in 0.001848 seconds
  Import took 0.012381 seconds .

========================================================================
Received Import Request.
  Time since last request: 0.001406 seconds.
  path: Assets/Scripts & Macros/State Machine/States/IdleState_Script.cs
  artifactKey: Guid(ed9a643a47a0d7645ac256bf732b0b1c) Importer(815301076,1909f56bfc062723c751e8b465ee728b)
Start importing Assets/Scripts & Macros/State Machine/States/IdleState_Script.cs using Guid(ed9a643a47a0d7645ac256bf732b0b1c) Importer(815301076,1909f56bfc062723c751e8b465ee728b)  -> (artifact id: 'e0b3330f5bcd83d7ae75094d22c73ffd') in 0.002007 seconds
  Import took 0.005622 seconds .

========================================================================
Received Import Request.
  Time since last request: 3.801018 seconds.
  path: Assets/Scripts & Macros/State Machine/States/IdleState_Script.cs
  artifactKey: Guid(ed9a643a47a0d7645ac256bf732b0b1c) Importer(815301076,1909f56bfc062723c751e8b465ee728b)
Start importing Assets/Scripts & Macros/State Machine/States/IdleState_Script.cs using Guid(ed9a643a47a0d7645ac256bf732b0b1c) Importer(815301076,1909f56bfc062723c751e8b465ee728b)  -> (artifact id: 'b867b3e3787329a7bf46c988d0c019e2') in 0.002129 seconds
  Import took 0.011126 seconds .

========================================================================
Received Import Request.
  Time since last request: 10.518355 seconds.
  path: Assets/Scripts & Macros/State Machine/States/IdleState_Script.cs
  artifactKey: Guid(ed9a643a47a0d7645ac256bf732b0b1c) Importer(815301076,1909f56bfc062723c751e8b465ee728b)
Start importing Assets/Scripts & Macros/State Machine/States/IdleState_Script.cs using Guid(ed9a643a47a0d7645ac256bf732b0b1c) Importer(815301076,1909f56bfc062723c751e8b465ee728b)  -> (artifact id: '690f83ed909032a3e0d7d8ba348a2aef') in 0.001872 seconds
  Import took 0.007796 seconds .

========================================================================
Received Import Request.
  Time since last request: 0.005409 seconds.
  path: Assets/Scripts & Macros/State Machine/States/IdleState_Script.cs
  artifactKey: Guid(ed9a643a47a0d7645ac256bf732b0b1c) Importer(815301076,1909f56bfc062723c751e8b465ee728b)
Start importing Assets/Scripts & Macros/State Machine/States/IdleState_Script.cs using Guid(ed9a643a47a0d7645ac256bf732b0b1c) Importer(815301076,1909f56bfc062723c751e8b465ee728b)  -> (artifact id: '690f83ed909032a3e0d7d8ba348a2aef') in 0.002486 seconds
  Import took 0.007410 seconds .

========================================================================
Received Prepare
Registering precompiled user dll's ...
Registered in 0.001574 seconds.
Begin MonoManager ReloadAssembly
Native extension for WindowsStandalone target not found
Refreshing native plugins compatible for Editor in 0.40 ms, found 0 plugins.
Preloading 0 native plugins for Editor in 0.00 ms.
Invoked RoslynAnalysisRunner static constructor.
RoslynAnalysisRunner will not be running.
RoslynAnalysisRunner has terminated.
Mono: successfully reloaded assembly
- Completed reload, in  1.019 seconds
Platform modules already initialized, skipping
Shader 'Universal Render Pipeline/Particles/Lit': fallback shader 'Universal Render Pipeline/Particles/SimpleLit' not found
Shader 'Universal Render Pipeline/Particles/Lit': fallback shader 'Universal Render Pipeline/Particles/SimpleLit' not found
Refreshing native plugins compatible for Editor in 0.46 ms, found 0 plugins.
Preloading 0 native plugins for Editor in 0.00 ms.
Unloading 2349 Unused Serialized files (Serialized files now loaded: 0)
System memory in use before: 108.6 MB.
System memory in use after: 106.4 MB.

Unloading 41 unused Assets to reduce memory usage. Loaded Objects now: 2835.
Total: 4.573100 ms (FindLiveObjects: 0.358100 ms CreateObjectMapping: 0.079900 ms MarkObjects: 2.406900 ms  DeleteObjects: 1.726000 ms)

========================================================================
Received Prepare
Registering precompiled user dll's ...
Registered in 0.001145 seconds.
Begin MonoManager ReloadAssembly
Native extension for WindowsStandalone target not found
Refreshing native plugins compatible for Editor in 0.39 ms, found 0 plugins.
Preloading 0 native plugins for Editor in 0.00 ms.
Invoked RoslynAnalysisRunner static constructor.
RoslynAnalysisRunner will not be running.
RoslynAnalysisRunner has terminated.
Mono: successfully reloaded assembly
- Completed reload, in  0.967 seconds
Platform modules already initialized, skipping
Shader 'Universal Render Pipeline/Particles/Lit': fallback shader 'Universal Render Pipeline/Particles/SimpleLit' not found
Shader 'Universal Render Pipeline/Particles/Lit': fallback shader 'Universal Render Pipeline/Particles/SimpleLit' not found
Refreshing native plugins compatible for Editor in 0.48 ms, found 0 plugins.
Preloading 0 native plugins for Editor in 0.00 ms.
Unloading 2349 Unused Serialized files (Serialized files now loaded: 0)
System memory in use before: 108.7 MB.
System memory in use after: 106.5 MB.

Unloading 41 unused Assets to reduce memory usage. Loaded Objects now: 2838.
Total: 4.713100 ms (FindLiveObjects: 0.328700 ms CreateObjectMapping: 0.124500 ms MarkObjects: 2.451300 ms  DeleteObjects: 1.806100 ms)

========================================================================
Received Import Request.
  Time since last request: 233.092653 seconds.
  path: Assets/Scripts & Macros/State Machine/States/WorkState_Script.cs
  artifactKey: Guid(040c70efe1e28ed4c9d1363e2a9efafa) Importer(815301076,1909f56bfc062723c751e8b465ee728b)
Start importing Assets/Scripts & Macros/State Machine/States/WorkState_Script.cs using Guid(040c70efe1e28ed4c9d1363e2a9efafa) Importer(815301076,1909f56bfc062723c751e8b465ee728b)  -> (artifact id: '326aed19ca737f3623372dece77e8fa7') in 0.070929 seconds
  Import took 0.095941 seconds .

========================================================================
Received Prepare
Registering precompiled user dll's ...
Registered in 0.001643 seconds.
Begin MonoManager ReloadAssembly
Native extension for WindowsStandalone target not found
Refreshing native plugins compatible for Editor in 0.41 ms, found 0 plugins.
Preloading 0 native plugins for Editor in 0.00 ms.
Invoked RoslynAnalysisRunner static constructor.
RoslynAnalysisRunner will not be running.
RoslynAnalysisRunner has terminated.
Mono: successfully reloaded assembly
- Completed reload, in  3.064 seconds
Platform modules already initialized, skipping
Shader 'Universal Render Pipeline/Particles/Lit': fallback shader 'Universal Render Pipeline/Particles/SimpleLit' not found
Shader 'Universal Render Pipeline/Particles/Lit': fallback shader 'Universal Render Pipeline/Particles/SimpleLit' not found
Refreshing native plugins compatible for Editor in 0.45 ms, found 0 plugins.
Preloading 0 native plugins for Editor in 0.00 ms.
Unloading 2350 Unused Serialized files (Serialized files now loaded: 0)
System memory in use before: 108.7 MB.
System memory in use after: 106.5 MB.

Unloading 41 unused Assets to reduce memory usage. Loaded Objects now: 2842.
Total: 6.696200 ms (FindLiveObjects: 0.482700 ms CreateObjectMapping: 0.159500 ms MarkObjects: 4.268100 ms  DeleteObjects: 1.783800 ms)

========================================================================
Received Prepare
Registering precompiled user dll's ...
Registered in 0.001163 seconds.
Begin MonoManager ReloadAssembly
Native extension for WindowsStandalone target not found
Refreshing native plugins compatible for Editor in 0.44 ms, found 0 plugins.
Preloading 0 native plugins for Editor in 0.00 ms.
Invoked RoslynAnalysisRunner static constructor.
RoslynAnalysisRunner will not be running.
RoslynAnalysisRunner has terminated.
Mono: successfully reloaded assembly
- Completed reload, in  2.670 seconds
Platform modules already initialized, skipping
Shader 'Universal Render Pipeline/Particles/Lit': fallback shader 'Universal Render Pipeline/Particles/SimpleLit' not found
Shader 'Universal Render Pipeline/Particles/Lit': fallback shader 'Universal Render Pipeline/Particles/SimpleLit' not found
Refreshing native plugins compatible for Editor in 0.41 ms, found 0 plugins.
Preloading 0 native plugins for Editor in 0.00 ms.
Unloading 2350 Unused Serialized files (Serialized files now loaded: 0)
System memory in use before: 108.8 MB.
System memory in use after: 106.5 MB.

Unloading 41 unused Assets to reduce memory usage. Loaded Objects now: 2845.
Total: 5.007100 ms (FindLiveObjects: 0.311100 ms CreateObjectMapping: 0.093000 ms MarkObjects: 2.689200 ms  DeleteObjects: 1.912100 ms)

========================================================================
Received Import Request.
  Time since last request: 223.626876 seconds.
  path: Assets/Scripts & Macros/State Machine/States/WorkState_Script.cs
  artifactKey: Guid(040c70efe1e28ed4c9d1363e2a9efafa) Importer(815301076,1909f56bfc062723c751e8b465ee728b)
Start importing Assets/Scripts & Macros/State Machine/States/WorkState_Script.cs using Guid(040c70efe1e28ed4c9d1363e2a9efafa) Importer(815301076,1909f56bfc062723c751e8b465ee728b)  -> (artifact id: '29240abd185ef3fd1943ab451d158f81') in 0.006148 seconds
  Import took 0.043696 seconds .

